f:\study\编程\qtvnc\vnc_client\vnc_client\release\vnc_app.obj
f:\study\编程\qtvnc\vnc_client\vnc_client\release\timer.obj
f:\study\编程\qtvnc\vnc_client\vnc_client\release\parse.obj
f:\study\编程\qtvnc\vnc_client\vnc_client\release\msg_client.obj
f:\study\编程\qtvnc\vnc_client\vnc_client\release\member.obj
f:\study\编程\qtvnc\vnc_client\vnc_client\release\main.obj
f:\study\编程\qtvnc\vnc_client\vnc_client\release\login_dialog.obj
f:\study\编程\qtvnc\vnc_client\vnc_client\release\log.obj
f:\study\编程\qtvnc\vnc_client\vnc_client\release\grabber.obj
f:\study\编程\qtvnc\vnc_client\vnc_client\release\moc_vnc_app.obj
f:\study\编程\qtvnc\vnc_client\vnc_client\release\moc_msg_client.obj
f:\study\编程\qtvnc\vnc_client\vnc_client\release\moc_member.obj
f:\study\编程\qtvnc\vnc_client\vnc_client\release\moc_login_dialog.obj
f:\study\编程\qtvnc\vnc_client\vnc_client\release\moc_app.obj
f:\study\编程\qtvnc\vnc_client\vnc_client\release\encoder.obj
f:\study\编程\qtvnc\vnc_client\vnc_client\release\app.obj
f:\study\编程\qtvnc\vnc_client\vnc_client\release\qrc_vnc_client.obj
f:\study\编程\qtvnc\vnc_client\vnc_client\generatedfiles\ui_vnc_client.h
f:\study\编程\qtvnc\vnc_client\vnc_client\generatedfiles\release\moc_msg_client.cpp
f:\study\编程\qtvnc\vnc_client\vnc_client\generatedfiles\release\moc_member.cpp
f:\study\编程\qtvnc\vnc_client\vnc_client\generatedfiles\release\moc_login_dialog.cpp
f:\study\编程\qtvnc\vnc_client\vnc_client\generatedfiles\qrc_vnc_client.cpp
f:\study\编程\qtvnc\vnc_client\vnc_client\generatedfiles\release\moc_app.cpp
f:\study\编程\qtvnc\vnc_client\vnc_client\generatedfiles\release\moc_vnc_app.cpp
f:\study\编程\qtvnc\vnc_client\win32\release\vnc_client.exe
f:\study\编程\qtvnc\vnc_client\vnc_client\release\logo.res
f:\study\编程\qtvnc\vnc_client\win32\release\vnc_client.pdb
f:\study\编程\qtvnc\vnc_client\vnc_client\release\vnc_client.tlog\cl.command.1.tlog
f:\study\编程\qtvnc\vnc_client\vnc_client\release\vnc_client.tlog\cl.read.1.tlog
f:\study\编程\qtvnc\vnc_client\vnc_client\release\vnc_client.tlog\cl.write.1.tlog
f:\study\编程\qtvnc\vnc_client\vnc_client\release\vnc_client.tlog\custombuild.command.1.tlog
f:\study\编程\qtvnc\vnc_client\vnc_client\release\vnc_client.tlog\custombuild.read.1.tlog
f:\study\编程\qtvnc\vnc_client\vnc_client\release\vnc_client.tlog\custombuild.write.1.tlog
f:\study\编程\qtvnc\vnc_client\vnc_client\release\vnc_client.tlog\link.command.1.tlog
f:\study\编程\qtvnc\vnc_client\vnc_client\release\vnc_client.tlog\link.read.1.tlog
f:\study\编程\qtvnc\vnc_client\vnc_client\release\vnc_client.tlog\link.write.1.tlog
f:\study\编程\qtvnc\vnc_client\vnc_client\release\vnc_client.tlog\rc.command.1.tlog
f:\study\编程\qtvnc\vnc_client\vnc_client\release\vnc_client.tlog\rc.read.1.tlog
f:\study\编程\qtvnc\vnc_client\vnc_client\release\vnc_client.tlog\rc.write.1.tlog
